{"/Users/gcochard/github/p4-oo/lib/p4.js":{"path":"/Users/gcochard/github/p4-oo/lib/p4.js","s":{"1":1,"2":1,"3":14,"4":14,"5":14,"6":20,"7":20,"8":5,"9":15,"10":280,"11":280,"12":392,"13":392,"14":280,"15":280,"16":280,"17":280,"18":280,"19":6,"20":274,"21":13,"22":274,"23":163,"24":111,"25":110,"26":5,"27":110,"28":3,"29":2,"30":1,"31":107,"32":107,"33":107,"34":37,"35":107,"36":2,"37":105,"38":1,"39":268,"40":15,"41":10,"42":15,"43":14,"44":5,"45":9,"46":4,"47":5,"48":1,"49":50,"50":1,"51":49,"52":49,"53":1,"54":20,"55":20,"56":1,"57":2,"58":2,"59":3,"60":1,"61":2,"62":2,"63":1,"64":43,"65":43,"66":2,"67":2,"68":43,"69":3,"70":43,"71":43,"72":43,"73":43,"74":43,"75":42,"76":6,"77":36,"78":2,"79":2,"80":1,"81":1,"82":34,"83":40,"84":38,"85":40,"86":34,"87":5,"88":29,"89":1,"90":1,"91":11,"92":7,"93":7,"94":11,"95":2,"96":11,"97":11,"98":10,"99":1,"100":9,"101":2,"102":7,"103":1,"104":1,"105":4,"106":1,"107":4,"108":1,"109":2,"110":2,"111":2,"112":1,"113":1,"114":1,"115":2,"116":1,"117":1,"118":2,"119":2,"120":1,"121":5,"122":2,"123":2,"124":5,"125":3,"126":5,"127":5,"128":1,"129":4,"130":4,"131":1,"132":3,"133":1,"134":4,"135":3,"136":3,"137":4,"138":1,"139":4,"140":4,"141":1,"142":3,"143":3,"144":1,"145":2,"146":1,"147":12,"148":1,"149":1,"150":12,"151":1,"152":11,"153":11,"154":11,"155":4,"156":7,"157":7,"158":3,"159":4,"160":1,"161":3,"162":1,"163":1,"164":3,"165":1,"166":2,"167":2,"168":1,"169":1,"170":1,"171":2,"172":1,"173":1,"174":2,"175":1,"176":1,"177":1,"178":3,"179":1,"180":2,"181":1,"182":1,"183":2,"184":1,"185":2,"186":1,"187":1,"188":2,"189":1,"190":2,"191":1,"192":2,"193":1,"194":1,"195":2,"196":1,"197":2,"198":1,"199":7,"200":6,"201":6,"202":7,"203":1,"204":7,"205":1,"206":7,"207":1},"b":{"1":[5,15],"2":[20,15],"3":[6,274],"4":[13,261],"5":[163,111],"6":[110,1],"7":[5,105],"8":[3,107],"9":[2,1],"10":[37,70],"11":[2,105],"12":[10,5],"13":[5,9],"14":[4,5],"15":[1,49],"16":[1,2],"17":[2,41],"18":[3,40],"19":[43,35],"20":[43,3],"21":[6,36],"22":[2,34],"23":[36,2],"24":[1,1],"25":[38,2],"26":[5,29],"27":[7,4],"28":[2,9],"29":[11,7],"30":[1,9],"31":[2,7],"32":[1,1],"33":[1,1],"34":[2,1],"35":[2,3],"36":[3,2],"37":[1,4],"38":[1,3],"39":[3,1],"40":[1,3],"41":[1,3],"42":[1,2],"43":[1,11],"44":[1,11],"45":[4,7],"46":[3,4],"47":[1,2],"48":[1,2],"49":[1,1],"50":[1,1],"51":[1,1],"52":[1,1],"53":[1,1],"54":[1,1],"55":[1,1],"56":[1,1],"57":[6,1],"58":[7,7],"59":[1,6]},"f":{"1":1,"2":14,"3":20,"4":280,"5":50,"6":20,"7":2,"8":3,"9":43,"10":42,"11":2,"12":40,"13":11,"14":10,"15":4,"16":4,"17":2,"18":2,"19":2,"20":5,"21":5,"22":4,"23":4,"24":12,"25":11,"26":3,"27":2,"28":2,"29":3,"30":2,"31":2,"32":2,"33":7,"34":7},"fnMap":{"1":{"name":"(anonymous_1)","line":15,"loc":{"start":{"line":15,"column":17},"end":{"line":15,"column":36}}},"2":{"name":"parseStats","line":26,"loc":{"start":{"line":26,"column":4},"end":{"line":26,"column":31}}},"3":{"name":"(anonymous_3)","line":29,"loc":{"start":{"line":29,"column":36},"end":{"line":29,"column":50}}},"4":{"name":"(anonymous_4)","line":35,"loc":{"start":{"line":35,"column":47},"end":{"line":35,"column":61}}},"5":{"name":"P4","line":108,"loc":{"start":{"line":108,"column":4},"end":{"line":108,"column":17}}},"6":{"name":"(anonymous_6)","line":126,"loc":{"start":{"line":126,"column":22},"end":{"line":126,"column":35}}},"7":{"name":"(anonymous_7)","line":142,"loc":{"start":{"line":142,"column":27},"end":{"line":142,"column":41}}},"8":{"name":"(anonymous_8)","line":144,"loc":{"start":{"line":144,"column":34},"end":{"line":144,"column":47}}},"9":{"name":"(anonymous_9)","line":162,"loc":{"start":{"line":162,"column":30},"end":{"line":162,"column":71}}},"10":{"name":"(anonymous_10)","line":176,"loc":{"start":{"line":176,"column":76},"end":{"line":176,"column":106}}},"11":{"name":"(anonymous_11)","line":181,"loc":{"start":{"line":181,"column":66},"end":{"line":181,"column":93}}},"12":{"name":"(anonymous_12)","line":192,"loc":{"start":{"line":192,"column":51},"end":{"line":192,"column":70}}},"13":{"name":"(anonymous_13)","line":222,"loc":{"start":{"line":222,"column":35},"end":{"line":222,"column":65}}},"14":{"name":"(anonymous_14)","line":232,"loc":{"start":{"line":232,"column":66},"end":{"line":232,"column":96}}},"15":{"name":"(anonymous_15)","line":253,"loc":{"start":{"line":253,"column":24},"end":{"line":253,"column":49}}},"16":{"name":"(anonymous_16)","line":263,"loc":{"start":{"line":263,"column":23},"end":{"line":263,"column":48}}},"17":{"name":"(anonymous_17)","line":273,"loc":{"start":{"line":273,"column":29},"end":{"line":273,"column":54}}},"18":{"name":"(anonymous_18)","line":275,"loc":{"start":{"line":275,"column":35},"end":{"line":275,"column":54}}},"19":{"name":"(anonymous_19)","line":290,"loc":{"start":{"line":290,"column":35},"end":{"line":290,"column":60}}},"20":{"name":"(anonymous_20)","line":305,"loc":{"start":{"line":305,"column":27},"end":{"line":305,"column":52}}},"21":{"name":"(anonymous_21)","line":313,"loc":{"start":{"line":313,"column":44},"end":{"line":313,"column":61}}},"22":{"name":"(anonymous_22)","line":331,"loc":{"start":{"line":331,"column":36},"end":{"line":331,"column":61}}},"23":{"name":"(anonymous_23)","line":339,"loc":{"start":{"line":339,"column":46},"end":{"line":339,"column":63}}},"24":{"name":"(anonymous_24)","line":358,"loc":{"start":{"line":358,"column":24},"end":{"line":358,"column":49}}},"25":{"name":"(anonymous_25)","line":367,"loc":{"start":{"line":367,"column":65},"end":{"line":367,"column":82}}},"26":{"name":"(anonymous_26)","line":386,"loc":{"start":{"line":386,"column":24},"end":{"line":386,"column":49}}},"27":{"name":"(anonymous_27)","line":394,"loc":{"start":{"line":394,"column":35},"end":{"line":394,"column":54}}},"28":{"name":"(anonymous_28)","line":409,"loc":{"start":{"line":409,"column":26},"end":{"line":409,"column":51}}},"29":{"name":"(anonymous_29)","line":427,"loc":{"start":{"line":427,"column":26},"end":{"line":427,"column":57}}},"30":{"name":"(anonymous_30)","line":438,"loc":{"start":{"line":438,"column":24},"end":{"line":438,"column":49}}},"31":{"name":"(anonymous_31)","line":453,"loc":{"start":{"line":453,"column":27},"end":{"line":453,"column":52}}},"32":{"name":"(anonymous_32)","line":471,"loc":{"start":{"line":471,"column":36},"end":{"line":471,"column":61}}},"33":{"name":"(anonymous_33)","line":490,"loc":{"start":{"line":490,"column":25},"end":{"line":490,"column":60}}},"34":{"name":"(anonymous_34)","line":507,"loc":{"start":{"line":507,"column":23},"end":{"line":507,"column":33}}}},"statementMap":{"1":{"start":{"line":15,"column":0},"end":{"line":512,"column":2}},"2":{"start":{"line":26,"column":4},"end":{"line":103,"column":5}},"3":{"start":{"line":27,"column":8},"end":{"line":27,"column":26}},"4":{"start":{"line":28,"column":8},"end":{"line":28,"column":36}},"5":{"start":{"line":29,"column":8},"end":{"line":95,"column":11}},"6":{"start":{"line":30,"column":12},"end":{"line":30,"column":35}},"7":{"start":{"line":31,"column":12},"end":{"line":34,"column":13}},"8":{"start":{"line":33,"column":16},"end":{"line":33,"column":28}},"9":{"start":{"line":35,"column":12},"end":{"line":89,"column":15}},"10":{"start":{"line":36,"column":16},"end":{"line":39,"column":27}},"11":{"start":{"line":41,"column":16},"end":{"line":44,"column":52}},"12":{"start":{"line":42,"column":20},"end":{"line":42,"column":41}},"13":{"start":{"line":43,"column":20},"end":{"line":43,"column":28}},"14":{"start":{"line":45,"column":16},"end":{"line":45,"column":38}},"15":{"start":{"line":46,"column":16},"end":{"line":46,"column":48}},"16":{"start":{"line":47,"column":16},"end":{"line":47,"column":29}},"17":{"start":{"line":48,"column":16},"end":{"line":48,"column":31}},"18":{"start":{"line":49,"column":16},"end":{"line":52,"column":17}},"19":{"start":{"line":51,"column":20},"end":{"line":51,"column":32}},"20":{"start":{"line":53,"column":16},"end":{"line":55,"column":17}},"21":{"start":{"line":54,"column":20},"end":{"line":54,"column":33}},"22":{"start":{"line":56,"column":16},"end":{"line":86,"column":17}},"23":{"start":{"line":57,"column":20},"end":{"line":57,"column":42}},"24":{"start":{"line":58,"column":23},"end":{"line":86,"column":17}},"25":{"start":{"line":59,"column":20},"end":{"line":61,"column":21}},"26":{"start":{"line":60,"column":24},"end":{"line":60,"column":44}},"27":{"start":{"line":62,"column":20},"end":{"line":69,"column":21}},"28":{"start":{"line":64,"column":24},"end":{"line":67,"column":25}},"29":{"start":{"line":66,"column":28},"end":{"line":66,"column":41}},"30":{"start":{"line":68,"column":24},"end":{"line":68,"column":36}},"31":{"start":{"line":71,"column":20},"end":{"line":71,"column":63}},"32":{"start":{"line":73,"column":20},"end":{"line":73,"column":51}},"33":{"start":{"line":74,"column":20},"end":{"line":77,"column":21}},"34":{"start":{"line":76,"column":24},"end":{"line":76,"column":48}},"35":{"start":{"line":78,"column":20},"end":{"line":81,"column":21}},"36":{"start":{"line":80,"column":24},"end":{"line":80,"column":37}},"37":{"start":{"line":82,"column":20},"end":{"line":82,"column":53}},"38":{"start":{"line":85,"column":20},"end":{"line":85,"column":33}},"39":{"start":{"line":88,"column":16},"end":{"line":88,"column":28}},"40":{"start":{"line":90,"column":12},"end":{"line":92,"column":13}},"41":{"start":{"line":91,"column":16},"end":{"line":91,"column":40}},"42":{"start":{"line":94,"column":12},"end":{"line":94,"column":25}},"43":{"start":{"line":96,"column":8},"end":{"line":98,"column":9}},"44":{"start":{"line":97,"column":12},"end":{"line":97,"column":54}},"45":{"start":{"line":99,"column":8},"end":{"line":101,"column":9}},"46":{"start":{"line":100,"column":12},"end":{"line":100,"column":31}},"47":{"start":{"line":102,"column":8},"end":{"line":102,"column":24}},"48":{"start":{"line":108,"column":4},"end":{"line":114,"column":5}},"49":{"start":{"line":109,"column":8},"end":{"line":111,"column":9}},"50":{"start":{"line":110,"column":12},"end":{"line":110,"column":28}},"51":{"start":{"line":112,"column":8},"end":{"line":112,"column":29}},"52":{"start":{"line":113,"column":8},"end":{"line":113,"column":26}},"53":{"start":{"line":126,"column":4},"end":{"line":132,"column":6}},"54":{"start":{"line":127,"column":8},"end":{"line":127,"column":46}},"55":{"start":{"line":131,"column":8},"end":{"line":131,"column":20}},"56":{"start":{"line":142,"column":4},"end":{"line":152,"column":6}},"57":{"start":{"line":143,"column":8},"end":{"line":143,"column":24}},"58":{"start":{"line":144,"column":8},"end":{"line":150,"column":11}},"59":{"start":{"line":145,"column":12},"end":{"line":148,"column":13}},"60":{"start":{"line":147,"column":16},"end":{"line":147,"column":23}},"61":{"start":{"line":149,"column":12},"end":{"line":149,"column":42}},"62":{"start":{"line":151,"column":8},"end":{"line":151,"column":20}},"63":{"start":{"line":162,"column":4},"end":{"line":212,"column":6}},"64":{"start":{"line":163,"column":8},"end":{"line":163,"column":24}},"65":{"start":{"line":164,"column":8},"end":{"line":167,"column":9}},"66":{"start":{"line":165,"column":12},"end":{"line":165,"column":24}},"67":{"start":{"line":166,"column":12},"end":{"line":166,"column":22}},"68":{"start":{"line":168,"column":8},"end":{"line":170,"column":9}},"69":{"start":{"line":169,"column":12},"end":{"line":169,"column":34}},"70":{"start":{"line":172,"column":8},"end":{"line":172,"column":36}},"71":{"start":{"line":173,"column":8},"end":{"line":173,"column":50}},"72":{"start":{"line":174,"column":8},"end":{"line":174,"column":40}},"73":{"start":{"line":175,"column":8},"end":{"line":211,"column":9}},"74":{"start":{"line":176,"column":12},"end":{"line":208,"column":15}},"75":{"start":{"line":177,"column":16},"end":{"line":179,"column":17}},"76":{"start":{"line":178,"column":20},"end":{"line":178,"column":37}},"77":{"start":{"line":180,"column":16},"end":{"line":188,"column":17}},"78":{"start":{"line":181,"column":20},"end":{"line":187,"column":23}},"79":{"start":{"line":182,"column":24},"end":{"line":184,"column":25}},"80":{"start":{"line":183,"column":28},"end":{"line":183,"column":59}},"81":{"start":{"line":186,"column":24},"end":{"line":186,"column":71}},"82":{"start":{"line":192,"column":16},"end":{"line":198,"column":33}},"83":{"start":{"line":193,"column":20},"end":{"line":196,"column":21}},"84":{"start":{"line":195,"column":24},"end":{"line":195,"column":40}},"85":{"start":{"line":197,"column":20},"end":{"line":197,"column":32}},"86":{"start":{"line":203,"column":16},"end":{"line":205,"column":17}},"87":{"start":{"line":204,"column":20},"end":{"line":204,"column":51}},"88":{"start":{"line":207,"column":16},"end":{"line":207,"column":42}},"89":{"start":{"line":210,"column":12},"end":{"line":210,"column":27}},"90":{"start":{"line":222,"column":4},"end":{"line":245,"column":6}},"91":{"start":{"line":223,"column":8},"end":{"line":226,"column":9}},"92":{"start":{"line":224,"column":12},"end":{"line":224,"column":24}},"93":{"start":{"line":225,"column":12},"end":{"line":225,"column":22}},"94":{"start":{"line":227,"column":8},"end":{"line":229,"column":9}},"95":{"start":{"line":228,"column":12},"end":{"line":228,"column":34}},"96":{"start":{"line":231,"column":8},"end":{"line":244,"column":9}},"97":{"start":{"line":232,"column":8},"end":{"line":241,"column":11}},"98":{"start":{"line":233,"column":12},"end":{"line":235,"column":13}},"99":{"start":{"line":234,"column":16},"end":{"line":234,"column":33}},"100":{"start":{"line":236,"column":12},"end":{"line":238,"column":13}},"101":{"start":{"line":237,"column":16},"end":{"line":237,"column":54}},"102":{"start":{"line":240,"column":12},"end":{"line":240,"column":38}},"103":{"start":{"line":243,"column":12},"end":{"line":243,"column":27}},"104":{"start":{"line":253,"column":4},"end":{"line":255,"column":6}},"105":{"start":{"line":254,"column":8},"end":{"line":254,"column":55}},"106":{"start":{"line":263,"column":4},"end":{"line":265,"column":6}},"107":{"start":{"line":264,"column":8},"end":{"line":264,"column":54}},"108":{"start":{"line":273,"column":4},"end":{"line":282,"column":6}},"109":{"start":{"line":274,"column":8},"end":{"line":274,"column":24}},"110":{"start":{"line":275,"column":8},"end":{"line":281,"column":11}},"111":{"start":{"line":276,"column":12},"end":{"line":278,"column":13}},"112":{"start":{"line":277,"column":16},"end":{"line":277,"column":39}},"113":{"start":{"line":280,"column":12},"end":{"line":280,"column":44}},"114":{"start":{"line":290,"column":4},"end":{"line":297,"column":6}},"115":{"start":{"line":291,"column":8},"end":{"line":294,"column":9}},"116":{"start":{"line":292,"column":12},"end":{"line":292,"column":28}},"117":{"start":{"line":293,"column":12},"end":{"line":293,"column":28}},"118":{"start":{"line":295,"column":8},"end":{"line":295,"column":34}},"119":{"start":{"line":296,"column":8},"end":{"line":296,"column":53}},"120":{"start":{"line":305,"column":4},"end":{"line":323,"column":6}},"121":{"start":{"line":306,"column":8},"end":{"line":309,"column":9}},"122":{"start":{"line":307,"column":12},"end":{"line":307,"column":28}},"123":{"start":{"line":308,"column":12},"end":{"line":308,"column":28}},"124":{"start":{"line":310,"column":8},"end":{"line":312,"column":9}},"125":{"start":{"line":311,"column":12},"end":{"line":311,"column":30}},"126":{"start":{"line":313,"column":8},"end":{"line":322,"column":11}},"127":{"start":{"line":314,"column":12},"end":{"line":316,"column":13}},"128":{"start":{"line":315,"column":16},"end":{"line":315,"column":33}},"129":{"start":{"line":317,"column":12},"end":{"line":317,"column":41}},"130":{"start":{"line":318,"column":12},"end":{"line":320,"column":13}},"131":{"start":{"line":319,"column":16},"end":{"line":319,"column":36}},"132":{"start":{"line":321,"column":12},"end":{"line":321,"column":37}},"133":{"start":{"line":331,"column":4},"end":{"line":349,"column":6}},"134":{"start":{"line":332,"column":8},"end":{"line":335,"column":9}},"135":{"start":{"line":333,"column":12},"end":{"line":333,"column":28}},"136":{"start":{"line":334,"column":12},"end":{"line":334,"column":28}},"137":{"start":{"line":336,"column":8},"end":{"line":338,"column":9}},"138":{"start":{"line":337,"column":12},"end":{"line":337,"column":30}},"139":{"start":{"line":339,"column":8},"end":{"line":348,"column":11}},"140":{"start":{"line":340,"column":12},"end":{"line":342,"column":13}},"141":{"start":{"line":341,"column":16},"end":{"line":341,"column":33}},"142":{"start":{"line":343,"column":12},"end":{"line":343,"column":41}},"143":{"start":{"line":344,"column":12},"end":{"line":346,"column":13}},"144":{"start":{"line":345,"column":16},"end":{"line":345,"column":36}},"145":{"start":{"line":347,"column":12},"end":{"line":347,"column":37}},"146":{"start":{"line":358,"column":4},"end":{"line":377,"column":6}},"147":{"start":{"line":359,"column":8},"end":{"line":362,"column":9}},"148":{"start":{"line":360,"column":12},"end":{"line":360,"column":28}},"149":{"start":{"line":361,"column":12},"end":{"line":361,"column":28}},"150":{"start":{"line":363,"column":8},"end":{"line":365,"column":9}},"151":{"start":{"line":364,"column":12},"end":{"line":364,"column":66}},"152":{"start":{"line":366,"column":8},"end":{"line":366,"column":40}},"153":{"start":{"line":367,"column":8},"end":{"line":376,"column":11}},"154":{"start":{"line":368,"column":12},"end":{"line":370,"column":13}},"155":{"start":{"line":369,"column":16},"end":{"line":369,"column":33}},"156":{"start":{"line":371,"column":12},"end":{"line":371,"column":41}},"157":{"start":{"line":372,"column":12},"end":{"line":374,"column":13}},"158":{"start":{"line":373,"column":16},"end":{"line":373,"column":36}},"159":{"start":{"line":375,"column":12},"end":{"line":375,"column":37}},"160":{"start":{"line":386,"column":4},"end":{"line":400,"column":6}},"161":{"start":{"line":387,"column":8},"end":{"line":390,"column":9}},"162":{"start":{"line":388,"column":12},"end":{"line":388,"column":28}},"163":{"start":{"line":389,"column":12},"end":{"line":389,"column":28}},"164":{"start":{"line":391,"column":8},"end":{"line":393,"column":9}},"165":{"start":{"line":392,"column":12},"end":{"line":392,"column":69}},"166":{"start":{"line":394,"column":8},"end":{"line":399,"column":11}},"167":{"start":{"line":395,"column":12},"end":{"line":397,"column":13}},"168":{"start":{"line":396,"column":16},"end":{"line":396,"column":33}},"169":{"start":{"line":398,"column":12},"end":{"line":398,"column":44}},"170":{"start":{"line":409,"column":4},"end":{"line":418,"column":6}},"171":{"start":{"line":410,"column":8},"end":{"line":413,"column":9}},"172":{"start":{"line":411,"column":12},"end":{"line":411,"column":28}},"173":{"start":{"line":412,"column":12},"end":{"line":412,"column":28}},"174":{"start":{"line":414,"column":8},"end":{"line":416,"column":9}},"175":{"start":{"line":415,"column":12},"end":{"line":415,"column":68}},"176":{"start":{"line":417,"column":8},"end":{"line":417,"column":57}},"177":{"start":{"line":427,"column":4},"end":{"line":429,"column":6}},"178":{"start":{"line":428,"column":8},"end":{"line":428,"column":82}},"179":{"start":{"line":438,"column":4},"end":{"line":444,"column":6}},"180":{"start":{"line":439,"column":8},"end":{"line":442,"column":9}},"181":{"start":{"line":440,"column":12},"end":{"line":440,"column":28}},"182":{"start":{"line":441,"column":12},"end":{"line":441,"column":28}},"183":{"start":{"line":443,"column":8},"end":{"line":443,"column":55}},"184":{"start":{"line":453,"column":4},"end":{"line":462,"column":6}},"185":{"start":{"line":454,"column":8},"end":{"line":457,"column":9}},"186":{"start":{"line":455,"column":12},"end":{"line":455,"column":28}},"187":{"start":{"line":456,"column":12},"end":{"line":456,"column":28}},"188":{"start":{"line":458,"column":8},"end":{"line":460,"column":9}},"189":{"start":{"line":459,"column":12},"end":{"line":459,"column":30}},"190":{"start":{"line":461,"column":8},"end":{"line":461,"column":50}},"191":{"start":{"line":471,"column":4},"end":{"line":480,"column":6}},"192":{"start":{"line":472,"column":8},"end":{"line":475,"column":9}},"193":{"start":{"line":473,"column":12},"end":{"line":473,"column":28}},"194":{"start":{"line":474,"column":12},"end":{"line":474,"column":28}},"195":{"start":{"line":476,"column":8},"end":{"line":478,"column":9}},"196":{"start":{"line":477,"column":12},"end":{"line":477,"column":30}},"197":{"start":{"line":479,"column":8},"end":{"line":479,"column":52}},"198":{"start":{"line":490,"column":4},"end":{"line":501,"column":6}},"199":{"start":{"line":492,"column":8},"end":{"line":495,"column":9}},"200":{"start":{"line":493,"column":12},"end":{"line":493,"column":37}},"201":{"start":{"line":494,"column":12},"end":{"line":494,"column":37}},"202":{"start":{"line":497,"column":8},"end":{"line":499,"column":9}},"203":{"start":{"line":498,"column":12},"end":{"line":498,"column":28}},"204":{"start":{"line":500,"column":8},"end":{"line":500,"column":112}},"205":{"start":{"line":507,"column":4},"end":{"line":509,"column":6}},"206":{"start":{"line":508,"column":8},"end":{"line":508,"column":24}},"207":{"start":{"line":511,"column":4},"end":{"line":511,"column":14}}},"branchMap":{"1":{"line":31,"type":"if","locations":[{"start":{"line":31,"column":12},"end":{"line":31,"column":12}},{"start":{"line":31,"column":12},"end":{"line":31,"column":12}}]},"2":{"line":31,"type":"binary-expr","locations":[{"start":{"line":31,"column":15},"end":{"line":31,"column":26}},{"start":{"line":31,"column":30},"end":{"line":31,"column":44}}]},"3":{"line":49,"type":"if","locations":[{"start":{"line":49,"column":16},"end":{"line":49,"column":16}},{"start":{"line":49,"column":16},"end":{"line":49,"column":16}}]},"4":{"line":53,"type":"if","locations":[{"start":{"line":53,"column":16},"end":{"line":53,"column":16}},{"start":{"line":53,"column":16},"end":{"line":53,"column":16}}]},"5":{"line":56,"type":"if","locations":[{"start":{"line":56,"column":16},"end":{"line":56,"column":16}},{"start":{"line":56,"column":16},"end":{"line":56,"column":16}}]},"6":{"line":58,"type":"if","locations":[{"start":{"line":58,"column":23},"end":{"line":58,"column":23}},{"start":{"line":58,"column":23},"end":{"line":58,"column":23}}]},"7":{"line":59,"type":"if","locations":[{"start":{"line":59,"column":20},"end":{"line":59,"column":20}},{"start":{"line":59,"column":20},"end":{"line":59,"column":20}}]},"8":{"line":62,"type":"if","locations":[{"start":{"line":62,"column":20},"end":{"line":62,"column":20}},{"start":{"line":62,"column":20},"end":{"line":62,"column":20}}]},"9":{"line":64,"type":"if","locations":[{"start":{"line":64,"column":24},"end":{"line":64,"column":24}},{"start":{"line":64,"column":24},"end":{"line":64,"column":24}}]},"10":{"line":74,"type":"if","locations":[{"start":{"line":74,"column":20},"end":{"line":74,"column":20}},{"start":{"line":74,"column":20},"end":{"line":74,"column":20}}]},"11":{"line":78,"type":"if","locations":[{"start":{"line":78,"column":20},"end":{"line":78,"column":20}},{"start":{"line":78,"column":20},"end":{"line":78,"column":20}}]},"12":{"line":90,"type":"if","locations":[{"start":{"line":90,"column":12},"end":{"line":90,"column":12}},{"start":{"line":90,"column":12},"end":{"line":90,"column":12}}]},"13":{"line":96,"type":"if","locations":[{"start":{"line":96,"column":8},"end":{"line":96,"column":8}},{"start":{"line":96,"column":8},"end":{"line":96,"column":8}}]},"14":{"line":99,"type":"if","locations":[{"start":{"line":99,"column":8},"end":{"line":99,"column":8}},{"start":{"line":99,"column":8},"end":{"line":99,"column":8}}]},"15":{"line":109,"type":"if","locations":[{"start":{"line":109,"column":8},"end":{"line":109,"column":8}},{"start":{"line":109,"column":8},"end":{"line":109,"column":8}}]},"16":{"line":145,"type":"if","locations":[{"start":{"line":145,"column":12},"end":{"line":145,"column":12}},{"start":{"line":145,"column":12},"end":{"line":145,"column":12}}]},"17":{"line":164,"type":"if","locations":[{"start":{"line":164,"column":8},"end":{"line":164,"column":8}},{"start":{"line":164,"column":8},"end":{"line":164,"column":8}}]},"18":{"line":168,"type":"if","locations":[{"start":{"line":168,"column":8},"end":{"line":168,"column":8}},{"start":{"line":168,"column":8},"end":{"line":168,"column":8}}]},"19":{"line":173,"type":"binary-expr","locations":[{"start":{"line":173,"column":27},"end":{"line":173,"column":43}},{"start":{"line":173,"column":47},"end":{"line":173,"column":49}}]},"20":{"line":176,"type":"binary-expr","locations":[{"start":{"line":176,"column":49},"end":{"line":176,"column":53}},{"start":{"line":176,"column":57},"end":{"line":176,"column":59}}]},"21":{"line":177,"type":"if","locations":[{"start":{"line":177,"column":16},"end":{"line":177,"column":16}},{"start":{"line":177,"column":16},"end":{"line":177,"column":16}}]},"22":{"line":180,"type":"if","locations":[{"start":{"line":180,"column":16},"end":{"line":180,"column":16}},{"start":{"line":180,"column":16},"end":{"line":180,"column":16}}]},"23":{"line":180,"type":"binary-expr","locations":[{"start":{"line":180,"column":19},"end":{"line":180,"column":78}},{"start":{"line":180,"column":82},"end":{"line":180,"column":92}}]},"24":{"line":182,"type":"if","locations":[{"start":{"line":182,"column":24},"end":{"line":182,"column":24}},{"start":{"line":182,"column":24},"end":{"line":182,"column":24}}]},"25":{"line":193,"type":"if","locations":[{"start":{"line":193,"column":20},"end":{"line":193,"column":20}},{"start":{"line":193,"column":20},"end":{"line":193,"column":20}}]},"26":{"line":203,"type":"if","locations":[{"start":{"line":203,"column":16},"end":{"line":203,"column":16}},{"start":{"line":203,"column":16},"end":{"line":203,"column":16}}]},"27":{"line":223,"type":"if","locations":[{"start":{"line":223,"column":8},"end":{"line":223,"column":8}},{"start":{"line":223,"column":8},"end":{"line":223,"column":8}}]},"28":{"line":227,"type":"if","locations":[{"start":{"line":227,"column":8},"end":{"line":227,"column":8}},{"start":{"line":227,"column":8},"end":{"line":227,"column":8}}]},"29":{"line":232,"type":"binary-expr","locations":[{"start":{"line":232,"column":37},"end":{"line":232,"column":41}},{"start":{"line":232,"column":45},"end":{"line":232,"column":47}}]},"30":{"line":233,"type":"if","locations":[{"start":{"line":233,"column":12},"end":{"line":233,"column":12}},{"start":{"line":233,"column":12},"end":{"line":233,"column":12}}]},"31":{"line":236,"type":"if","locations":[{"start":{"line":236,"column":12},"end":{"line":236,"column":12}},{"start":{"line":236,"column":12},"end":{"line":236,"column":12}}]},"32":{"line":276,"type":"if","locations":[{"start":{"line":276,"column":12},"end":{"line":276,"column":12}},{"start":{"line":276,"column":12},"end":{"line":276,"column":12}}]},"33":{"line":291,"type":"if","locations":[{"start":{"line":291,"column":8},"end":{"line":291,"column":8}},{"start":{"line":291,"column":8},"end":{"line":291,"column":8}}]},"34":{"line":295,"type":"binary-expr","locations":[{"start":{"line":295,"column":19},"end":{"line":295,"column":27}},{"start":{"line":295,"column":31},"end":{"line":295,"column":33}}]},"35":{"line":306,"type":"if","locations":[{"start":{"line":306,"column":8},"end":{"line":306,"column":8}},{"start":{"line":306,"column":8},"end":{"line":306,"column":8}}]},"36":{"line":310,"type":"if","locations":[{"start":{"line":310,"column":8},"end":{"line":310,"column":8}},{"start":{"line":310,"column":8},"end":{"line":310,"column":8}}]},"37":{"line":314,"type":"if","locations":[{"start":{"line":314,"column":12},"end":{"line":314,"column":12}},{"start":{"line":314,"column":12},"end":{"line":314,"column":12}}]},"38":{"line":318,"type":"if","locations":[{"start":{"line":318,"column":12},"end":{"line":318,"column":12}},{"start":{"line":318,"column":12},"end":{"line":318,"column":12}}]},"39":{"line":332,"type":"if","locations":[{"start":{"line":332,"column":8},"end":{"line":332,"column":8}},{"start":{"line":332,"column":8},"end":{"line":332,"column":8}}]},"40":{"line":336,"type":"if","locations":[{"start":{"line":336,"column":8},"end":{"line":336,"column":8}},{"start":{"line":336,"column":8},"end":{"line":336,"column":8}}]},"41":{"line":340,"type":"if","locations":[{"start":{"line":340,"column":12},"end":{"line":340,"column":12}},{"start":{"line":340,"column":12},"end":{"line":340,"column":12}}]},"42":{"line":344,"type":"if","locations":[{"start":{"line":344,"column":12},"end":{"line":344,"column":12}},{"start":{"line":344,"column":12},"end":{"line":344,"column":12}}]},"43":{"line":359,"type":"if","locations":[{"start":{"line":359,"column":8},"end":{"line":359,"column":8}},{"start":{"line":359,"column":8},"end":{"line":359,"column":8}}]},"44":{"line":363,"type":"if","locations":[{"start":{"line":363,"column":8},"end":{"line":363,"column":8}},{"start":{"line":363,"column":8},"end":{"line":363,"column":8}}]},"45":{"line":368,"type":"if","locations":[{"start":{"line":368,"column":12},"end":{"line":368,"column":12}},{"start":{"line":368,"column":12},"end":{"line":368,"column":12}}]},"46":{"line":372,"type":"if","locations":[{"start":{"line":372,"column":12},"end":{"line":372,"column":12}},{"start":{"line":372,"column":12},"end":{"line":372,"column":12}}]},"47":{"line":387,"type":"if","locations":[{"start":{"line":387,"column":8},"end":{"line":387,"column":8}},{"start":{"line":387,"column":8},"end":{"line":387,"column":8}}]},"48":{"line":391,"type":"if","locations":[{"start":{"line":391,"column":8},"end":{"line":391,"column":8}},{"start":{"line":391,"column":8},"end":{"line":391,"column":8}}]},"49":{"line":395,"type":"if","locations":[{"start":{"line":395,"column":12},"end":{"line":395,"column":12}},{"start":{"line":395,"column":12},"end":{"line":395,"column":12}}]},"50":{"line":410,"type":"if","locations":[{"start":{"line":410,"column":8},"end":{"line":410,"column":8}},{"start":{"line":410,"column":8},"end":{"line":410,"column":8}}]},"51":{"line":414,"type":"if","locations":[{"start":{"line":414,"column":8},"end":{"line":414,"column":8}},{"start":{"line":414,"column":8},"end":{"line":414,"column":8}}]},"52":{"line":439,"type":"if","locations":[{"start":{"line":439,"column":8},"end":{"line":439,"column":8}},{"start":{"line":439,"column":8},"end":{"line":439,"column":8}}]},"53":{"line":454,"type":"if","locations":[{"start":{"line":454,"column":8},"end":{"line":454,"column":8}},{"start":{"line":454,"column":8},"end":{"line":454,"column":8}}]},"54":{"line":458,"type":"if","locations":[{"start":{"line":458,"column":8},"end":{"line":458,"column":8}},{"start":{"line":458,"column":8},"end":{"line":458,"column":8}}]},"55":{"line":472,"type":"if","locations":[{"start":{"line":472,"column":8},"end":{"line":472,"column":8}},{"start":{"line":472,"column":8},"end":{"line":472,"column":8}}]},"56":{"line":476,"type":"if","locations":[{"start":{"line":476,"column":8},"end":{"line":476,"column":8}},{"start":{"line":476,"column":8},"end":{"line":476,"column":8}}]},"57":{"line":492,"type":"if","locations":[{"start":{"line":492,"column":8},"end":{"line":492,"column":8}},{"start":{"line":492,"column":8},"end":{"line":492,"column":8}}]},"58":{"line":492,"type":"binary-expr","locations":[{"start":{"line":492,"column":11},"end":{"line":492,"column":19}},{"start":{"line":492,"column":23},"end":{"line":492,"column":31}}]},"59":{"line":497,"type":"if","locations":[{"start":{"line":497,"column":8},"end":{"line":497,"column":8}},{"start":{"line":497,"column":8},"end":{"line":497,"column":8}}]}}}}