{"/Users/gcochard/p4/lib/p4.js":{"path":"/Users/gcochard/p4/lib/p4.js","s":{"1":1,"2":1,"3":13,"4":13,"5":13,"6":19,"7":19,"8":5,"9":14,"10":266,"11":266,"12":378,"13":378,"14":266,"15":266,"16":266,"17":266,"18":266,"19":6,"20":260,"21":12,"22":260,"23":149,"24":111,"25":110,"26":5,"27":110,"28":3,"29":2,"30":1,"31":107,"32":107,"33":107,"34":37,"35":107,"36":2,"37":105,"38":1,"39":254,"40":14,"41":9,"42":14,"43":13,"44":5,"45":8,"46":3,"47":5,"48":1,"49":45,"50":1,"51":44,"52":44,"53":1,"54":18,"55":18,"56":1,"57":2,"58":2,"59":3,"60":1,"61":2,"62":2,"63":1,"64":39,"65":1,"66":1,"67":39,"68":3,"69":39,"70":39,"71":39,"72":39,"73":39,"74":6,"75":33,"76":39,"77":37,"78":39,"79":33,"80":5,"81":28,"82":1,"83":4,"84":1,"85":1,"86":4,"87":2,"88":4,"89":4,"90":1,"91":3,"92":1,"93":2,"94":1,"95":4,"96":1,"97":4,"98":1,"99":2,"100":2,"101":2,"102":1,"103":1,"104":1,"105":2,"106":1,"107":1,"108":2,"109":2,"110":1,"111":5,"112":2,"113":2,"114":5,"115":3,"116":5,"117":5,"118":1,"119":4,"120":4,"121":1,"122":3,"123":1,"124":4,"125":3,"126":3,"127":4,"128":1,"129":4,"130":4,"131":1,"132":3,"133":3,"134":1,"135":2,"136":1,"137":10,"138":1,"139":1,"140":10,"141":1,"142":9,"143":9,"144":9,"145":3,"146":6,"147":6,"148":3,"149":3,"150":1,"151":3,"152":1,"153":1,"154":3,"155":1,"156":2,"157":2,"158":1,"159":1,"160":1,"161":2,"162":1,"163":1,"164":2,"165":1,"166":1,"167":1,"168":3,"169":1,"170":2,"171":1,"172":1,"173":2,"174":1,"175":2,"176":1,"177":1,"178":2,"179":1,"180":2,"181":1,"182":2,"183":1,"184":1,"185":2,"186":1,"187":2,"188":1,"189":1,"190":1,"191":7,"192":1},"b":{"1":[5,14],"2":[19,14],"3":[6,260],"4":[12,248],"5":[149,111],"6":[110,1],"7":[5,105],"8":[3,107],"9":[2,1],"10":[37,70],"11":[2,105],"12":[9,5],"13":[5,8],"14":[3,5],"15":[1,44],"16":[1,2],"17":[1,38],"18":[3,36],"19":[39,32],"20":[39,2],"21":[6,33],"22":[37,2],"23":[5,28],"24":[1,3],"25":[2,2],"26":[4,1],"27":[1,3],"28":[1,2],"29":[1,1],"30":[1,1],"31":[2,1],"32":[2,3],"33":[3,2],"34":[1,4],"35":[1,3],"36":[3,1],"37":[1,3],"38":[1,3],"39":[1,2],"40":[1,9],"41":[1,9],"42":[3,6],"43":[3,3],"44":[1,2],"45":[1,2],"46":[1,1],"47":[1,1],"48":[1,1],"49":[1,1],"50":[1,1],"51":[1,1],"52":[1,1],"53":[1,1]},"f":{"1":1,"2":13,"3":19,"4":266,"5":45,"6":18,"7":2,"8":3,"9":39,"10":39,"11":39,"12":4,"13":4,"14":4,"15":4,"16":2,"17":2,"18":2,"19":5,"20":5,"21":4,"22":4,"23":10,"24":9,"25":3,"26":2,"27":2,"28":3,"29":2,"30":2,"31":2,"32":1,"33":7},"fnMap":{"1":{"name":"(anonymous_1)","line":15,"loc":{"start":{"line":15,"column":17},"end":{"line":15,"column":36}}},"2":{"name":"parseStats","line":26,"loc":{"start":{"line":26,"column":4},"end":{"line":26,"column":31}}},"3":{"name":"(anonymous_3)","line":29,"loc":{"start":{"line":29,"column":36},"end":{"line":29,"column":50}}},"4":{"name":"(anonymous_4)","line":35,"loc":{"start":{"line":35,"column":47},"end":{"line":35,"column":61}}},"5":{"name":"P4","line":108,"loc":{"start":{"line":108,"column":4},"end":{"line":108,"column":17}}},"6":{"name":"(anonymous_6)","line":126,"loc":{"start":{"line":126,"column":22},"end":{"line":126,"column":35}}},"7":{"name":"(anonymous_7)","line":142,"loc":{"start":{"line":142,"column":27},"end":{"line":142,"column":41}}},"8":{"name":"(anonymous_8)","line":144,"loc":{"start":{"line":144,"column":34},"end":{"line":144,"column":47}}},"9":{"name":"(anonymous_9)","line":161,"loc":{"start":{"line":161,"column":30},"end":{"line":161,"column":60}}},"10":{"name":"(anonymous_10)","line":173,"loc":{"start":{"line":173,"column":72},"end":{"line":173,"column":102}}},"11":{"name":"(anonymous_11)","line":180,"loc":{"start":{"line":180,"column":47},"end":{"line":180,"column":66}}},"12":{"name":"(anonymous_12)","line":207,"loc":{"start":{"line":207,"column":35},"end":{"line":207,"column":65}}},"13":{"name":"(anonymous_13)","line":216,"loc":{"start":{"line":216,"column":66},"end":{"line":216,"column":96}}},"14":{"name":"(anonymous_14)","line":234,"loc":{"start":{"line":234,"column":24},"end":{"line":234,"column":49}}},"15":{"name":"(anonymous_15)","line":244,"loc":{"start":{"line":244,"column":23},"end":{"line":244,"column":48}}},"16":{"name":"(anonymous_16)","line":254,"loc":{"start":{"line":254,"column":29},"end":{"line":254,"column":54}}},"17":{"name":"(anonymous_17)","line":256,"loc":{"start":{"line":256,"column":35},"end":{"line":256,"column":54}}},"18":{"name":"(anonymous_18)","line":271,"loc":{"start":{"line":271,"column":35},"end":{"line":271,"column":60}}},"19":{"name":"(anonymous_19)","line":286,"loc":{"start":{"line":286,"column":27},"end":{"line":286,"column":52}}},"20":{"name":"(anonymous_20)","line":294,"loc":{"start":{"line":294,"column":44},"end":{"line":294,"column":61}}},"21":{"name":"(anonymous_21)","line":312,"loc":{"start":{"line":312,"column":36},"end":{"line":312,"column":61}}},"22":{"name":"(anonymous_22)","line":320,"loc":{"start":{"line":320,"column":46},"end":{"line":320,"column":63}}},"23":{"name":"(anonymous_23)","line":339,"loc":{"start":{"line":339,"column":24},"end":{"line":339,"column":49}}},"24":{"name":"(anonymous_24)","line":348,"loc":{"start":{"line":348,"column":65},"end":{"line":348,"column":82}}},"25":{"name":"(anonymous_25)","line":367,"loc":{"start":{"line":367,"column":24},"end":{"line":367,"column":49}}},"26":{"name":"(anonymous_26)","line":375,"loc":{"start":{"line":375,"column":35},"end":{"line":375,"column":54}}},"27":{"name":"(anonymous_27)","line":390,"loc":{"start":{"line":390,"column":26},"end":{"line":390,"column":51}}},"28":{"name":"(anonymous_28)","line":408,"loc":{"start":{"line":408,"column":26},"end":{"line":408,"column":57}}},"29":{"name":"(anonymous_29)","line":419,"loc":{"start":{"line":419,"column":24},"end":{"line":419,"column":49}}},"30":{"name":"(anonymous_30)","line":434,"loc":{"start":{"line":434,"column":27},"end":{"line":434,"column":52}}},"31":{"name":"(anonymous_31)","line":452,"loc":{"start":{"line":452,"column":36},"end":{"line":452,"column":61}}},"32":{"name":"(anonymous_32)","line":471,"loc":{"start":{"line":471,"column":25},"end":{"line":471,"column":60}}},"33":{"name":"(anonymous_33)","line":479,"loc":{"start":{"line":479,"column":23},"end":{"line":479,"column":33}}}},"statementMap":{"1":{"start":{"line":15,"column":0},"end":{"line":484,"column":2}},"2":{"start":{"line":26,"column":4},"end":{"line":103,"column":5}},"3":{"start":{"line":27,"column":8},"end":{"line":27,"column":26}},"4":{"start":{"line":28,"column":8},"end":{"line":28,"column":36}},"5":{"start":{"line":29,"column":8},"end":{"line":95,"column":11}},"6":{"start":{"line":30,"column":12},"end":{"line":30,"column":35}},"7":{"start":{"line":31,"column":12},"end":{"line":34,"column":13}},"8":{"start":{"line":33,"column":16},"end":{"line":33,"column":28}},"9":{"start":{"line":35,"column":12},"end":{"line":89,"column":15}},"10":{"start":{"line":36,"column":16},"end":{"line":39,"column":27}},"11":{"start":{"line":41,"column":16},"end":{"line":44,"column":52}},"12":{"start":{"line":42,"column":20},"end":{"line":42,"column":41}},"13":{"start":{"line":43,"column":20},"end":{"line":43,"column":28}},"14":{"start":{"line":45,"column":16},"end":{"line":45,"column":38}},"15":{"start":{"line":46,"column":16},"end":{"line":46,"column":48}},"16":{"start":{"line":47,"column":16},"end":{"line":47,"column":29}},"17":{"start":{"line":48,"column":16},"end":{"line":48,"column":31}},"18":{"start":{"line":49,"column":16},"end":{"line":52,"column":17}},"19":{"start":{"line":51,"column":20},"end":{"line":51,"column":32}},"20":{"start":{"line":53,"column":16},"end":{"line":55,"column":17}},"21":{"start":{"line":54,"column":20},"end":{"line":54,"column":33}},"22":{"start":{"line":56,"column":16},"end":{"line":86,"column":17}},"23":{"start":{"line":57,"column":20},"end":{"line":57,"column":42}},"24":{"start":{"line":58,"column":23},"end":{"line":86,"column":17}},"25":{"start":{"line":59,"column":20},"end":{"line":61,"column":21}},"26":{"start":{"line":60,"column":24},"end":{"line":60,"column":44}},"27":{"start":{"line":62,"column":20},"end":{"line":69,"column":21}},"28":{"start":{"line":64,"column":24},"end":{"line":67,"column":25}},"29":{"start":{"line":66,"column":28},"end":{"line":66,"column":41}},"30":{"start":{"line":68,"column":24},"end":{"line":68,"column":36}},"31":{"start":{"line":71,"column":20},"end":{"line":71,"column":63}},"32":{"start":{"line":73,"column":20},"end":{"line":73,"column":51}},"33":{"start":{"line":74,"column":20},"end":{"line":77,"column":21}},"34":{"start":{"line":76,"column":24},"end":{"line":76,"column":48}},"35":{"start":{"line":78,"column":20},"end":{"line":81,"column":21}},"36":{"start":{"line":80,"column":24},"end":{"line":80,"column":37}},"37":{"start":{"line":82,"column":20},"end":{"line":82,"column":53}},"38":{"start":{"line":85,"column":20},"end":{"line":85,"column":33}},"39":{"start":{"line":88,"column":16},"end":{"line":88,"column":28}},"40":{"start":{"line":90,"column":12},"end":{"line":92,"column":13}},"41":{"start":{"line":91,"column":16},"end":{"line":91,"column":40}},"42":{"start":{"line":94,"column":12},"end":{"line":94,"column":25}},"43":{"start":{"line":96,"column":8},"end":{"line":98,"column":9}},"44":{"start":{"line":97,"column":12},"end":{"line":97,"column":54}},"45":{"start":{"line":99,"column":8},"end":{"line":101,"column":9}},"46":{"start":{"line":100,"column":12},"end":{"line":100,"column":31}},"47":{"start":{"line":102,"column":8},"end":{"line":102,"column":24}},"48":{"start":{"line":108,"column":4},"end":{"line":114,"column":5}},"49":{"start":{"line":109,"column":8},"end":{"line":111,"column":9}},"50":{"start":{"line":110,"column":12},"end":{"line":110,"column":28}},"51":{"start":{"line":112,"column":8},"end":{"line":112,"column":29}},"52":{"start":{"line":113,"column":8},"end":{"line":113,"column":26}},"53":{"start":{"line":126,"column":4},"end":{"line":132,"column":6}},"54":{"start":{"line":127,"column":8},"end":{"line":127,"column":46}},"55":{"start":{"line":131,"column":8},"end":{"line":131,"column":20}},"56":{"start":{"line":142,"column":4},"end":{"line":152,"column":6}},"57":{"start":{"line":143,"column":8},"end":{"line":143,"column":24}},"58":{"start":{"line":144,"column":8},"end":{"line":150,"column":11}},"59":{"start":{"line":145,"column":12},"end":{"line":148,"column":13}},"60":{"start":{"line":147,"column":16},"end":{"line":147,"column":23}},"61":{"start":{"line":149,"column":12},"end":{"line":149,"column":42}},"62":{"start":{"line":151,"column":8},"end":{"line":151,"column":20}},"63":{"start":{"line":161,"column":4},"end":{"line":197,"column":6}},"64":{"start":{"line":162,"column":8},"end":{"line":165,"column":9}},"65":{"start":{"line":163,"column":12},"end":{"line":163,"column":24}},"66":{"start":{"line":164,"column":12},"end":{"line":164,"column":22}},"67":{"start":{"line":166,"column":8},"end":{"line":168,"column":9}},"68":{"start":{"line":167,"column":12},"end":{"line":167,"column":34}},"69":{"start":{"line":170,"column":8},"end":{"line":170,"column":36}},"70":{"start":{"line":171,"column":8},"end":{"line":171,"column":50}},"71":{"start":{"line":172,"column":8},"end":{"line":172,"column":40}},"72":{"start":{"line":173,"column":8},"end":{"line":196,"column":11}},"73":{"start":{"line":174,"column":12},"end":{"line":176,"column":13}},"74":{"start":{"line":175,"column":16},"end":{"line":175,"column":33}},"75":{"start":{"line":180,"column":12},"end":{"line":186,"column":29}},"76":{"start":{"line":181,"column":16},"end":{"line":184,"column":17}},"77":{"start":{"line":183,"column":20},"end":{"line":183,"column":36}},"78":{"start":{"line":185,"column":16},"end":{"line":185,"column":28}},"79":{"start":{"line":191,"column":12},"end":{"line":193,"column":13}},"80":{"start":{"line":192,"column":16},"end":{"line":192,"column":47}},"81":{"start":{"line":195,"column":12},"end":{"line":195,"column":38}},"82":{"start":{"line":207,"column":4},"end":{"line":226,"column":6}},"83":{"start":{"line":208,"column":8},"end":{"line":211,"column":9}},"84":{"start":{"line":209,"column":12},"end":{"line":209,"column":24}},"85":{"start":{"line":210,"column":12},"end":{"line":210,"column":22}},"86":{"start":{"line":212,"column":8},"end":{"line":214,"column":9}},"87":{"start":{"line":213,"column":12},"end":{"line":213,"column":34}},"88":{"start":{"line":216,"column":8},"end":{"line":225,"column":11}},"89":{"start":{"line":217,"column":12},"end":{"line":219,"column":13}},"90":{"start":{"line":218,"column":16},"end":{"line":218,"column":33}},"91":{"start":{"line":220,"column":12},"end":{"line":222,"column":13}},"92":{"start":{"line":221,"column":16},"end":{"line":221,"column":54}},"93":{"start":{"line":224,"column":12},"end":{"line":224,"column":38}},"94":{"start":{"line":234,"column":4},"end":{"line":236,"column":6}},"95":{"start":{"line":235,"column":8},"end":{"line":235,"column":55}},"96":{"start":{"line":244,"column":4},"end":{"line":246,"column":6}},"97":{"start":{"line":245,"column":8},"end":{"line":245,"column":54}},"98":{"start":{"line":254,"column":4},"end":{"line":263,"column":6}},"99":{"start":{"line":255,"column":8},"end":{"line":255,"column":24}},"100":{"start":{"line":256,"column":8},"end":{"line":262,"column":11}},"101":{"start":{"line":257,"column":12},"end":{"line":259,"column":13}},"102":{"start":{"line":258,"column":16},"end":{"line":258,"column":39}},"103":{"start":{"line":261,"column":12},"end":{"line":261,"column":44}},"104":{"start":{"line":271,"column":4},"end":{"line":278,"column":6}},"105":{"start":{"line":272,"column":8},"end":{"line":275,"column":9}},"106":{"start":{"line":273,"column":12},"end":{"line":273,"column":28}},"107":{"start":{"line":274,"column":12},"end":{"line":274,"column":28}},"108":{"start":{"line":276,"column":8},"end":{"line":276,"column":34}},"109":{"start":{"line":277,"column":8},"end":{"line":277,"column":53}},"110":{"start":{"line":286,"column":4},"end":{"line":304,"column":6}},"111":{"start":{"line":287,"column":8},"end":{"line":290,"column":9}},"112":{"start":{"line":288,"column":12},"end":{"line":288,"column":28}},"113":{"start":{"line":289,"column":12},"end":{"line":289,"column":28}},"114":{"start":{"line":291,"column":8},"end":{"line":293,"column":9}},"115":{"start":{"line":292,"column":12},"end":{"line":292,"column":30}},"116":{"start":{"line":294,"column":8},"end":{"line":303,"column":11}},"117":{"start":{"line":295,"column":12},"end":{"line":297,"column":13}},"118":{"start":{"line":296,"column":16},"end":{"line":296,"column":33}},"119":{"start":{"line":298,"column":12},"end":{"line":298,"column":41}},"120":{"start":{"line":299,"column":12},"end":{"line":301,"column":13}},"121":{"start":{"line":300,"column":16},"end":{"line":300,"column":36}},"122":{"start":{"line":302,"column":12},"end":{"line":302,"column":37}},"123":{"start":{"line":312,"column":4},"end":{"line":330,"column":6}},"124":{"start":{"line":313,"column":8},"end":{"line":316,"column":9}},"125":{"start":{"line":314,"column":12},"end":{"line":314,"column":28}},"126":{"start":{"line":315,"column":12},"end":{"line":315,"column":28}},"127":{"start":{"line":317,"column":8},"end":{"line":319,"column":9}},"128":{"start":{"line":318,"column":12},"end":{"line":318,"column":30}},"129":{"start":{"line":320,"column":8},"end":{"line":329,"column":11}},"130":{"start":{"line":321,"column":12},"end":{"line":323,"column":13}},"131":{"start":{"line":322,"column":16},"end":{"line":322,"column":33}},"132":{"start":{"line":324,"column":12},"end":{"line":324,"column":41}},"133":{"start":{"line":325,"column":12},"end":{"line":327,"column":13}},"134":{"start":{"line":326,"column":16},"end":{"line":326,"column":36}},"135":{"start":{"line":328,"column":12},"end":{"line":328,"column":37}},"136":{"start":{"line":339,"column":4},"end":{"line":358,"column":6}},"137":{"start":{"line":340,"column":8},"end":{"line":343,"column":9}},"138":{"start":{"line":341,"column":12},"end":{"line":341,"column":28}},"139":{"start":{"line":342,"column":12},"end":{"line":342,"column":28}},"140":{"start":{"line":344,"column":8},"end":{"line":346,"column":9}},"141":{"start":{"line":345,"column":12},"end":{"line":345,"column":66}},"142":{"start":{"line":347,"column":8},"end":{"line":347,"column":40}},"143":{"start":{"line":348,"column":8},"end":{"line":357,"column":11}},"144":{"start":{"line":349,"column":12},"end":{"line":351,"column":13}},"145":{"start":{"line":350,"column":16},"end":{"line":350,"column":33}},"146":{"start":{"line":352,"column":12},"end":{"line":352,"column":41}},"147":{"start":{"line":353,"column":12},"end":{"line":355,"column":13}},"148":{"start":{"line":354,"column":16},"end":{"line":354,"column":36}},"149":{"start":{"line":356,"column":12},"end":{"line":356,"column":37}},"150":{"start":{"line":367,"column":4},"end":{"line":381,"column":6}},"151":{"start":{"line":368,"column":8},"end":{"line":371,"column":9}},"152":{"start":{"line":369,"column":12},"end":{"line":369,"column":28}},"153":{"start":{"line":370,"column":12},"end":{"line":370,"column":28}},"154":{"start":{"line":372,"column":8},"end":{"line":374,"column":9}},"155":{"start":{"line":373,"column":12},"end":{"line":373,"column":69}},"156":{"start":{"line":375,"column":8},"end":{"line":380,"column":11}},"157":{"start":{"line":376,"column":12},"end":{"line":378,"column":13}},"158":{"start":{"line":377,"column":16},"end":{"line":377,"column":33}},"159":{"start":{"line":379,"column":12},"end":{"line":379,"column":44}},"160":{"start":{"line":390,"column":4},"end":{"line":399,"column":6}},"161":{"start":{"line":391,"column":8},"end":{"line":394,"column":9}},"162":{"start":{"line":392,"column":12},"end":{"line":392,"column":28}},"163":{"start":{"line":393,"column":12},"end":{"line":393,"column":28}},"164":{"start":{"line":395,"column":8},"end":{"line":397,"column":9}},"165":{"start":{"line":396,"column":12},"end":{"line":396,"column":68}},"166":{"start":{"line":398,"column":8},"end":{"line":398,"column":57}},"167":{"start":{"line":408,"column":4},"end":{"line":410,"column":6}},"168":{"start":{"line":409,"column":8},"end":{"line":409,"column":82}},"169":{"start":{"line":419,"column":4},"end":{"line":425,"column":6}},"170":{"start":{"line":420,"column":8},"end":{"line":423,"column":9}},"171":{"start":{"line":421,"column":12},"end":{"line":421,"column":28}},"172":{"start":{"line":422,"column":12},"end":{"line":422,"column":28}},"173":{"start":{"line":424,"column":8},"end":{"line":424,"column":55}},"174":{"start":{"line":434,"column":4},"end":{"line":443,"column":6}},"175":{"start":{"line":435,"column":8},"end":{"line":438,"column":9}},"176":{"start":{"line":436,"column":12},"end":{"line":436,"column":28}},"177":{"start":{"line":437,"column":12},"end":{"line":437,"column":28}},"178":{"start":{"line":439,"column":8},"end":{"line":441,"column":9}},"179":{"start":{"line":440,"column":12},"end":{"line":440,"column":30}},"180":{"start":{"line":442,"column":8},"end":{"line":442,"column":50}},"181":{"start":{"line":452,"column":4},"end":{"line":461,"column":6}},"182":{"start":{"line":453,"column":8},"end":{"line":456,"column":9}},"183":{"start":{"line":454,"column":12},"end":{"line":454,"column":28}},"184":{"start":{"line":455,"column":12},"end":{"line":455,"column":28}},"185":{"start":{"line":457,"column":8},"end":{"line":459,"column":9}},"186":{"start":{"line":458,"column":12},"end":{"line":458,"column":30}},"187":{"start":{"line":460,"column":8},"end":{"line":460,"column":52}},"188":{"start":{"line":471,"column":4},"end":{"line":473,"column":6}},"189":{"start":{"line":472,"column":8},"end":{"line":472,"column":102}},"190":{"start":{"line":479,"column":4},"end":{"line":481,"column":6}},"191":{"start":{"line":480,"column":8},"end":{"line":480,"column":24}},"192":{"start":{"line":483,"column":4},"end":{"line":483,"column":14}}},"branchMap":{"1":{"line":31,"type":"if","locations":[{"start":{"line":31,"column":12},"end":{"line":31,"column":12}},{"start":{"line":31,"column":12},"end":{"line":31,"column":12}}]},"2":{"line":31,"type":"binary-expr","locations":[{"start":{"line":31,"column":15},"end":{"line":31,"column":26}},{"start":{"line":31,"column":30},"end":{"line":31,"column":44}}]},"3":{"line":49,"type":"if","locations":[{"start":{"line":49,"column":16},"end":{"line":49,"column":16}},{"start":{"line":49,"column":16},"end":{"line":49,"column":16}}]},"4":{"line":53,"type":"if","locations":[{"start":{"line":53,"column":16},"end":{"line":53,"column":16}},{"start":{"line":53,"column":16},"end":{"line":53,"column":16}}]},"5":{"line":56,"type":"if","locations":[{"start":{"line":56,"column":16},"end":{"line":56,"column":16}},{"start":{"line":56,"column":16},"end":{"line":56,"column":16}}]},"6":{"line":58,"type":"if","locations":[{"start":{"line":58,"column":23},"end":{"line":58,"column":23}},{"start":{"line":58,"column":23},"end":{"line":58,"column":23}}]},"7":{"line":59,"type":"if","locations":[{"start":{"line":59,"column":20},"end":{"line":59,"column":20}},{"start":{"line":59,"column":20},"end":{"line":59,"column":20}}]},"8":{"line":62,"type":"if","locations":[{"start":{"line":62,"column":20},"end":{"line":62,"column":20}},{"start":{"line":62,"column":20},"end":{"line":62,"column":20}}]},"9":{"line":64,"type":"if","locations":[{"start":{"line":64,"column":24},"end":{"line":64,"column":24}},{"start":{"line":64,"column":24},"end":{"line":64,"column":24}}]},"10":{"line":74,"type":"if","locations":[{"start":{"line":74,"column":20},"end":{"line":74,"column":20}},{"start":{"line":74,"column":20},"end":{"line":74,"column":20}}]},"11":{"line":78,"type":"if","locations":[{"start":{"line":78,"column":20},"end":{"line":78,"column":20}},{"start":{"line":78,"column":20},"end":{"line":78,"column":20}}]},"12":{"line":90,"type":"if","locations":[{"start":{"line":90,"column":12},"end":{"line":90,"column":12}},{"start":{"line":90,"column":12},"end":{"line":90,"column":12}}]},"13":{"line":96,"type":"if","locations":[{"start":{"line":96,"column":8},"end":{"line":96,"column":8}},{"start":{"line":96,"column":8},"end":{"line":96,"column":8}}]},"14":{"line":99,"type":"if","locations":[{"start":{"line":99,"column":8},"end":{"line":99,"column":8}},{"start":{"line":99,"column":8},"end":{"line":99,"column":8}}]},"15":{"line":109,"type":"if","locations":[{"start":{"line":109,"column":8},"end":{"line":109,"column":8}},{"start":{"line":109,"column":8},"end":{"line":109,"column":8}}]},"16":{"line":145,"type":"if","locations":[{"start":{"line":145,"column":12},"end":{"line":145,"column":12}},{"start":{"line":145,"column":12},"end":{"line":145,"column":12}}]},"17":{"line":162,"type":"if","locations":[{"start":{"line":162,"column":8},"end":{"line":162,"column":8}},{"start":{"line":162,"column":8},"end":{"line":162,"column":8}}]},"18":{"line":166,"type":"if","locations":[{"start":{"line":166,"column":8},"end":{"line":166,"column":8}},{"start":{"line":166,"column":8},"end":{"line":166,"column":8}}]},"19":{"line":171,"type":"binary-expr","locations":[{"start":{"line":171,"column":27},"end":{"line":171,"column":43}},{"start":{"line":171,"column":47},"end":{"line":171,"column":49}}]},"20":{"line":173,"type":"binary-expr","locations":[{"start":{"line":173,"column":45},"end":{"line":173,"column":49}},{"start":{"line":173,"column":53},"end":{"line":173,"column":55}}]},"21":{"line":174,"type":"if","locations":[{"start":{"line":174,"column":12},"end":{"line":174,"column":12}},{"start":{"line":174,"column":12},"end":{"line":174,"column":12}}]},"22":{"line":181,"type":"if","locations":[{"start":{"line":181,"column":16},"end":{"line":181,"column":16}},{"start":{"line":181,"column":16},"end":{"line":181,"column":16}}]},"23":{"line":191,"type":"if","locations":[{"start":{"line":191,"column":12},"end":{"line":191,"column":12}},{"start":{"line":191,"column":12},"end":{"line":191,"column":12}}]},"24":{"line":208,"type":"if","locations":[{"start":{"line":208,"column":8},"end":{"line":208,"column":8}},{"start":{"line":208,"column":8},"end":{"line":208,"column":8}}]},"25":{"line":212,"type":"if","locations":[{"start":{"line":212,"column":8},"end":{"line":212,"column":8}},{"start":{"line":212,"column":8},"end":{"line":212,"column":8}}]},"26":{"line":216,"type":"binary-expr","locations":[{"start":{"line":216,"column":37},"end":{"line":216,"column":41}},{"start":{"line":216,"column":45},"end":{"line":216,"column":47}}]},"27":{"line":217,"type":"if","locations":[{"start":{"line":217,"column":12},"end":{"line":217,"column":12}},{"start":{"line":217,"column":12},"end":{"line":217,"column":12}}]},"28":{"line":220,"type":"if","locations":[{"start":{"line":220,"column":12},"end":{"line":220,"column":12}},{"start":{"line":220,"column":12},"end":{"line":220,"column":12}}]},"29":{"line":257,"type":"if","locations":[{"start":{"line":257,"column":12},"end":{"line":257,"column":12}},{"start":{"line":257,"column":12},"end":{"line":257,"column":12}}]},"30":{"line":272,"type":"if","locations":[{"start":{"line":272,"column":8},"end":{"line":272,"column":8}},{"start":{"line":272,"column":8},"end":{"line":272,"column":8}}]},"31":{"line":276,"type":"binary-expr","locations":[{"start":{"line":276,"column":19},"end":{"line":276,"column":27}},{"start":{"line":276,"column":31},"end":{"line":276,"column":33}}]},"32":{"line":287,"type":"if","locations":[{"start":{"line":287,"column":8},"end":{"line":287,"column":8}},{"start":{"line":287,"column":8},"end":{"line":287,"column":8}}]},"33":{"line":291,"type":"if","locations":[{"start":{"line":291,"column":8},"end":{"line":291,"column":8}},{"start":{"line":291,"column":8},"end":{"line":291,"column":8}}]},"34":{"line":295,"type":"if","locations":[{"start":{"line":295,"column":12},"end":{"line":295,"column":12}},{"start":{"line":295,"column":12},"end":{"line":295,"column":12}}]},"35":{"line":299,"type":"if","locations":[{"start":{"line":299,"column":12},"end":{"line":299,"column":12}},{"start":{"line":299,"column":12},"end":{"line":299,"column":12}}]},"36":{"line":313,"type":"if","locations":[{"start":{"line":313,"column":8},"end":{"line":313,"column":8}},{"start":{"line":313,"column":8},"end":{"line":313,"column":8}}]},"37":{"line":317,"type":"if","locations":[{"start":{"line":317,"column":8},"end":{"line":317,"column":8}},{"start":{"line":317,"column":8},"end":{"line":317,"column":8}}]},"38":{"line":321,"type":"if","locations":[{"start":{"line":321,"column":12},"end":{"line":321,"column":12}},{"start":{"line":321,"column":12},"end":{"line":321,"column":12}}]},"39":{"line":325,"type":"if","locations":[{"start":{"line":325,"column":12},"end":{"line":325,"column":12}},{"start":{"line":325,"column":12},"end":{"line":325,"column":12}}]},"40":{"line":340,"type":"if","locations":[{"start":{"line":340,"column":8},"end":{"line":340,"column":8}},{"start":{"line":340,"column":8},"end":{"line":340,"column":8}}]},"41":{"line":344,"type":"if","locations":[{"start":{"line":344,"column":8},"end":{"line":344,"column":8}},{"start":{"line":344,"column":8},"end":{"line":344,"column":8}}]},"42":{"line":349,"type":"if","locations":[{"start":{"line":349,"column":12},"end":{"line":349,"column":12}},{"start":{"line":349,"column":12},"end":{"line":349,"column":12}}]},"43":{"line":353,"type":"if","locations":[{"start":{"line":353,"column":12},"end":{"line":353,"column":12}},{"start":{"line":353,"column":12},"end":{"line":353,"column":12}}]},"44":{"line":368,"type":"if","locations":[{"start":{"line":368,"column":8},"end":{"line":368,"column":8}},{"start":{"line":368,"column":8},"end":{"line":368,"column":8}}]},"45":{"line":372,"type":"if","locations":[{"start":{"line":372,"column":8},"end":{"line":372,"column":8}},{"start":{"line":372,"column":8},"end":{"line":372,"column":8}}]},"46":{"line":376,"type":"if","locations":[{"start":{"line":376,"column":12},"end":{"line":376,"column":12}},{"start":{"line":376,"column":12},"end":{"line":376,"column":12}}]},"47":{"line":391,"type":"if","locations":[{"start":{"line":391,"column":8},"end":{"line":391,"column":8}},{"start":{"line":391,"column":8},"end":{"line":391,"column":8}}]},"48":{"line":395,"type":"if","locations":[{"start":{"line":395,"column":8},"end":{"line":395,"column":8}},{"start":{"line":395,"column":8},"end":{"line":395,"column":8}}]},"49":{"line":420,"type":"if","locations":[{"start":{"line":420,"column":8},"end":{"line":420,"column":8}},{"start":{"line":420,"column":8},"end":{"line":420,"column":8}}]},"50":{"line":435,"type":"if","locations":[{"start":{"line":435,"column":8},"end":{"line":435,"column":8}},{"start":{"line":435,"column":8},"end":{"line":435,"column":8}}]},"51":{"line":439,"type":"if","locations":[{"start":{"line":439,"column":8},"end":{"line":439,"column":8}},{"start":{"line":439,"column":8},"end":{"line":439,"column":8}}]},"52":{"line":453,"type":"if","locations":[{"start":{"line":453,"column":8},"end":{"line":453,"column":8}},{"start":{"line":453,"column":8},"end":{"line":453,"column":8}}]},"53":{"line":457,"type":"if","locations":[{"start":{"line":457,"column":8},"end":{"line":457,"column":8}},{"start":{"line":457,"column":8},"end":{"line":457,"column":8}}]}}}}