TN:
SF:/Users/gcochard/p4/lib/p4.js
FN:15,(anonymous_1)
FN:26,parseStats
FN:29,(anonymous_3)
FN:35,(anonymous_4)
FN:108,P4
FN:126,(anonymous_6)
FN:142,(anonymous_7)
FN:144,(anonymous_8)
FN:161,(anonymous_9)
FN:173,(anonymous_10)
FN:180,(anonymous_11)
FN:207,(anonymous_12)
FN:216,(anonymous_13)
FN:234,(anonymous_14)
FN:244,(anonymous_15)
FN:254,(anonymous_16)
FN:256,(anonymous_17)
FN:271,(anonymous_18)
FN:286,(anonymous_19)
FN:294,(anonymous_20)
FN:312,(anonymous_21)
FN:320,(anonymous_22)
FN:339,(anonymous_23)
FN:348,(anonymous_24)
FN:367,(anonymous_25)
FN:375,(anonymous_26)
FN:390,(anonymous_27)
FN:408,(anonymous_28)
FN:419,(anonymous_29)
FN:434,(anonymous_30)
FN:452,(anonymous_31)
FN:471,(anonymous_32)
FN:479,(anonymous_33)
FNF:33
FNH:33
FNDA:1,(anonymous_1)
FNDA:13,parseStats
FNDA:19,(anonymous_3)
FNDA:266,(anonymous_4)
FNDA:45,P4
FNDA:18,(anonymous_6)
FNDA:2,(anonymous_7)
FNDA:3,(anonymous_8)
FNDA:39,(anonymous_9)
FNDA:39,(anonymous_10)
FNDA:39,(anonymous_11)
FNDA:4,(anonymous_12)
FNDA:4,(anonymous_13)
FNDA:4,(anonymous_14)
FNDA:4,(anonymous_15)
FNDA:2,(anonymous_16)
FNDA:2,(anonymous_17)
FNDA:2,(anonymous_18)
FNDA:5,(anonymous_19)
FNDA:5,(anonymous_20)
FNDA:4,(anonymous_21)
FNDA:4,(anonymous_22)
FNDA:10,(anonymous_23)
FNDA:9,(anonymous_24)
FNDA:3,(anonymous_25)
FNDA:2,(anonymous_26)
FNDA:2,(anonymous_27)
FNDA:3,(anonymous_28)
FNDA:2,(anonymous_29)
FNDA:2,(anonymous_30)
FNDA:2,(anonymous_31)
FNDA:1,(anonymous_32)
FNDA:7,(anonymous_33)
DA:15,1
DA:26,1
DA:27,13
DA:28,13
DA:29,13
DA:30,19
DA:31,19
DA:33,5
DA:35,14
DA:36,266
DA:41,266
DA:42,378
DA:43,378
DA:45,266
DA:46,266
DA:47,266
DA:48,266
DA:49,266
DA:51,6
DA:53,260
DA:54,12
DA:56,260
DA:57,149
DA:58,111
DA:59,110
DA:60,5
DA:62,110
DA:64,3
DA:66,2
DA:68,1
DA:71,107
DA:73,107
DA:74,107
DA:76,37
DA:78,107
DA:80,2
DA:82,105
DA:85,1
DA:88,254
DA:90,14
DA:91,9
DA:94,14
DA:96,13
DA:97,5
DA:99,8
DA:100,3
DA:102,5
DA:108,1
DA:109,45
DA:110,1
DA:112,44
DA:113,44
DA:126,1
DA:127,18
DA:131,18
DA:142,1
DA:143,2
DA:144,2
DA:145,3
DA:147,1
DA:149,2
DA:151,2
DA:161,1
DA:162,39
DA:163,1
DA:164,1
DA:166,39
DA:167,3
DA:170,39
DA:171,39
DA:172,39
DA:173,39
DA:174,39
DA:175,6
DA:180,33
DA:181,39
DA:183,37
DA:185,39
DA:191,33
DA:192,5
DA:195,28
DA:207,1
DA:208,4
DA:209,1
DA:210,1
DA:212,4
DA:213,2
DA:216,4
DA:217,4
DA:218,1
DA:220,3
DA:221,1
DA:224,2
DA:234,1
DA:235,4
DA:244,1
DA:245,4
DA:254,1
DA:255,2
DA:256,2
DA:257,2
DA:258,1
DA:261,1
DA:271,1
DA:272,2
DA:273,1
DA:274,1
DA:276,2
DA:277,2
DA:286,1
DA:287,5
DA:288,2
DA:289,2
DA:291,5
DA:292,3
DA:294,5
DA:295,5
DA:296,1
DA:298,4
DA:299,4
DA:300,1
DA:302,3
DA:312,1
DA:313,4
DA:314,3
DA:315,3
DA:317,4
DA:318,1
DA:320,4
DA:321,4
DA:322,1
DA:324,3
DA:325,3
DA:326,1
DA:328,2
DA:339,1
DA:340,10
DA:341,1
DA:342,1
DA:344,10
DA:345,1
DA:347,9
DA:348,9
DA:349,9
DA:350,3
DA:352,6
DA:353,6
DA:354,3
DA:356,3
DA:367,1
DA:368,3
DA:369,1
DA:370,1
DA:372,3
DA:373,1
DA:375,2
DA:376,2
DA:377,1
DA:379,1
DA:390,1
DA:391,2
DA:392,1
DA:393,1
DA:395,2
DA:396,1
DA:398,1
DA:408,1
DA:409,3
DA:419,1
DA:420,2
DA:421,1
DA:422,1
DA:424,2
DA:434,1
DA:435,2
DA:436,1
DA:437,1
DA:439,2
DA:440,1
DA:442,2
DA:452,1
DA:453,2
DA:454,1
DA:455,1
DA:457,2
DA:458,1
DA:460,2
DA:471,1
DA:472,1
DA:479,1
DA:480,7
DA:483,1
LF:192
LH:192
BRDA:31,1,0,5
BRDA:31,1,1,14
BRDA:31,2,0,19
BRDA:31,2,1,14
BRDA:49,3,0,6
BRDA:49,3,1,260
BRDA:53,4,0,12
BRDA:53,4,1,248
BRDA:56,5,0,149
BRDA:56,5,1,111
BRDA:58,6,0,110
BRDA:58,6,1,1
BRDA:59,7,0,5
BRDA:59,7,1,105
BRDA:62,8,0,3
BRDA:62,8,1,107
BRDA:64,9,0,2
BRDA:64,9,1,1
BRDA:74,10,0,37
BRDA:74,10,1,70
BRDA:78,11,0,2
BRDA:78,11,1,105
BRDA:90,12,0,9
BRDA:90,12,1,5
BRDA:96,13,0,5
BRDA:96,13,1,8
BRDA:99,14,0,3
BRDA:99,14,1,5
BRDA:109,15,0,1
BRDA:109,15,1,44
BRDA:145,16,0,1
BRDA:145,16,1,2
BRDA:162,17,0,1
BRDA:162,17,1,38
BRDA:166,18,0,3
BRDA:166,18,1,36
BRDA:171,19,0,39
BRDA:171,19,1,32
BRDA:173,20,0,39
BRDA:173,20,1,2
BRDA:174,21,0,6
BRDA:174,21,1,33
BRDA:181,22,0,37
BRDA:181,22,1,2
BRDA:191,23,0,5
BRDA:191,23,1,28
BRDA:208,24,0,1
BRDA:208,24,1,3
BRDA:212,25,0,2
BRDA:212,25,1,2
BRDA:216,26,0,4
BRDA:216,26,1,1
BRDA:217,27,0,1
BRDA:217,27,1,3
BRDA:220,28,0,1
BRDA:220,28,1,2
BRDA:257,29,0,1
BRDA:257,29,1,1
BRDA:272,30,0,1
BRDA:272,30,1,1
BRDA:276,31,0,2
BRDA:276,31,1,1
BRDA:287,32,0,2
BRDA:287,32,1,3
BRDA:291,33,0,3
BRDA:291,33,1,2
BRDA:295,34,0,1
BRDA:295,34,1,4
BRDA:299,35,0,1
BRDA:299,35,1,3
BRDA:313,36,0,3
BRDA:313,36,1,1
BRDA:317,37,0,1
BRDA:317,37,1,3
BRDA:321,38,0,1
BRDA:321,38,1,3
BRDA:325,39,0,1
BRDA:325,39,1,2
BRDA:340,40,0,1
BRDA:340,40,1,9
BRDA:344,41,0,1
BRDA:344,41,1,9
BRDA:349,42,0,3
BRDA:349,42,1,6
BRDA:353,43,0,3
BRDA:353,43,1,3
BRDA:368,44,0,1
BRDA:368,44,1,2
BRDA:372,45,0,1
BRDA:372,45,1,2
BRDA:376,46,0,1
BRDA:376,46,1,1
BRDA:391,47,0,1
BRDA:391,47,1,1
BRDA:395,48,0,1
BRDA:395,48,1,1
BRDA:420,49,0,1
BRDA:420,49,1,1
BRDA:435,50,0,1
BRDA:435,50,1,1
BRDA:439,51,0,1
BRDA:439,51,1,1
BRDA:453,52,0,1
BRDA:453,52,1,1
BRDA:457,53,0,1
BRDA:457,53,1,1
BRF:106
BRH:106
end_of_record
