TN:
SF:/Users/gcochard/github/p4-oo/lib/p4.js
FN:15,(anonymous_1)
FN:26,parseStats
FN:29,(anonymous_3)
FN:35,(anonymous_4)
FN:108,P4
FN:126,(anonymous_6)
FN:142,(anonymous_7)
FN:144,(anonymous_8)
FN:162,(anonymous_9)
FN:176,(anonymous_10)
FN:181,(anonymous_11)
FN:192,(anonymous_12)
FN:222,(anonymous_13)
FN:232,(anonymous_14)
FN:253,(anonymous_15)
FN:263,(anonymous_16)
FN:273,(anonymous_17)
FN:275,(anonymous_18)
FN:290,(anonymous_19)
FN:305,(anonymous_20)
FN:313,(anonymous_21)
FN:331,(anonymous_22)
FN:339,(anonymous_23)
FN:358,(anonymous_24)
FN:367,(anonymous_25)
FN:386,(anonymous_26)
FN:394,(anonymous_27)
FN:409,(anonymous_28)
FN:427,(anonymous_29)
FN:438,(anonymous_30)
FN:453,(anonymous_31)
FN:471,(anonymous_32)
FN:490,(anonymous_33)
FN:507,(anonymous_34)
FNF:34
FNH:34
FNDA:1,(anonymous_1)
FNDA:14,parseStats
FNDA:20,(anonymous_3)
FNDA:280,(anonymous_4)
FNDA:50,P4
FNDA:20,(anonymous_6)
FNDA:2,(anonymous_7)
FNDA:3,(anonymous_8)
FNDA:43,(anonymous_9)
FNDA:42,(anonymous_10)
FNDA:2,(anonymous_11)
FNDA:40,(anonymous_12)
FNDA:11,(anonymous_13)
FNDA:10,(anonymous_14)
FNDA:4,(anonymous_15)
FNDA:4,(anonymous_16)
FNDA:2,(anonymous_17)
FNDA:2,(anonymous_18)
FNDA:2,(anonymous_19)
FNDA:5,(anonymous_20)
FNDA:5,(anonymous_21)
FNDA:4,(anonymous_22)
FNDA:4,(anonymous_23)
FNDA:12,(anonymous_24)
FNDA:11,(anonymous_25)
FNDA:3,(anonymous_26)
FNDA:2,(anonymous_27)
FNDA:2,(anonymous_28)
FNDA:3,(anonymous_29)
FNDA:2,(anonymous_30)
FNDA:2,(anonymous_31)
FNDA:2,(anonymous_32)
FNDA:7,(anonymous_33)
FNDA:7,(anonymous_34)
DA:15,1
DA:26,1
DA:27,14
DA:28,14
DA:29,14
DA:30,20
DA:31,20
DA:33,5
DA:35,15
DA:36,280
DA:41,280
DA:42,392
DA:43,392
DA:45,280
DA:46,280
DA:47,280
DA:48,280
DA:49,280
DA:51,6
DA:53,274
DA:54,13
DA:56,274
DA:57,163
DA:58,111
DA:59,110
DA:60,5
DA:62,110
DA:64,3
DA:66,2
DA:68,1
DA:71,107
DA:73,107
DA:74,107
DA:76,37
DA:78,107
DA:80,2
DA:82,105
DA:85,1
DA:88,268
DA:90,15
DA:91,10
DA:94,15
DA:96,14
DA:97,5
DA:99,9
DA:100,4
DA:102,5
DA:108,1
DA:109,50
DA:110,1
DA:112,49
DA:113,49
DA:126,1
DA:127,20
DA:131,20
DA:142,1
DA:143,2
DA:144,2
DA:145,3
DA:147,1
DA:149,2
DA:151,2
DA:162,1
DA:163,43
DA:164,43
DA:165,2
DA:166,2
DA:168,43
DA:169,3
DA:172,43
DA:173,43
DA:174,43
DA:175,43
DA:176,43
DA:177,42
DA:178,6
DA:180,36
DA:181,2
DA:182,2
DA:183,1
DA:186,1
DA:192,34
DA:193,40
DA:195,38
DA:197,40
DA:203,34
DA:204,5
DA:207,29
DA:210,1
DA:222,1
DA:223,11
DA:224,7
DA:225,7
DA:227,11
DA:228,2
DA:231,11
DA:232,11
DA:233,10
DA:234,1
DA:236,9
DA:237,2
DA:240,7
DA:243,1
DA:253,1
DA:254,4
DA:263,1
DA:264,4
DA:273,1
DA:274,2
DA:275,2
DA:276,2
DA:277,1
DA:280,1
DA:290,1
DA:291,2
DA:292,1
DA:293,1
DA:295,2
DA:296,2
DA:305,1
DA:306,5
DA:307,2
DA:308,2
DA:310,5
DA:311,3
DA:313,5
DA:314,5
DA:315,1
DA:317,4
DA:318,4
DA:319,1
DA:321,3
DA:331,1
DA:332,4
DA:333,3
DA:334,3
DA:336,4
DA:337,1
DA:339,4
DA:340,4
DA:341,1
DA:343,3
DA:344,3
DA:345,1
DA:347,2
DA:358,1
DA:359,12
DA:360,1
DA:361,1
DA:363,12
DA:364,1
DA:366,11
DA:367,11
DA:368,11
DA:369,4
DA:371,7
DA:372,7
DA:373,3
DA:375,4
DA:386,1
DA:387,3
DA:388,1
DA:389,1
DA:391,3
DA:392,1
DA:394,2
DA:395,2
DA:396,1
DA:398,1
DA:409,1
DA:410,2
DA:411,1
DA:412,1
DA:414,2
DA:415,1
DA:417,1
DA:427,1
DA:428,3
DA:438,1
DA:439,2
DA:440,1
DA:441,1
DA:443,2
DA:453,1
DA:454,2
DA:455,1
DA:456,1
DA:458,2
DA:459,1
DA:461,2
DA:471,1
DA:472,2
DA:473,1
DA:474,1
DA:476,2
DA:477,1
DA:479,2
DA:490,1
DA:492,7
DA:493,6
DA:494,6
DA:497,7
DA:498,1
DA:500,7
DA:507,1
DA:508,7
DA:511,1
LF:207
LH:207
BRDA:31,1,0,5
BRDA:31,1,1,15
BRDA:31,2,0,20
BRDA:31,2,1,15
BRDA:49,3,0,6
BRDA:49,3,1,274
BRDA:53,4,0,13
BRDA:53,4,1,261
BRDA:56,5,0,163
BRDA:56,5,1,111
BRDA:58,6,0,110
BRDA:58,6,1,1
BRDA:59,7,0,5
BRDA:59,7,1,105
BRDA:62,8,0,3
BRDA:62,8,1,107
BRDA:64,9,0,2
BRDA:64,9,1,1
BRDA:74,10,0,37
BRDA:74,10,1,70
BRDA:78,11,0,2
BRDA:78,11,1,105
BRDA:90,12,0,10
BRDA:90,12,1,5
BRDA:96,13,0,5
BRDA:96,13,1,9
BRDA:99,14,0,4
BRDA:99,14,1,5
BRDA:109,15,0,1
BRDA:109,15,1,49
BRDA:145,16,0,1
BRDA:145,16,1,2
BRDA:164,17,0,2
BRDA:164,17,1,41
BRDA:168,18,0,3
BRDA:168,18,1,40
BRDA:173,19,0,43
BRDA:173,19,1,35
BRDA:176,20,0,43
BRDA:176,20,1,3
BRDA:177,21,0,6
BRDA:177,21,1,36
BRDA:180,22,0,2
BRDA:180,22,1,34
BRDA:180,23,0,36
BRDA:180,23,1,2
BRDA:182,24,0,1
BRDA:182,24,1,1
BRDA:193,25,0,38
BRDA:193,25,1,2
BRDA:203,26,0,5
BRDA:203,26,1,29
BRDA:223,27,0,7
BRDA:223,27,1,4
BRDA:227,28,0,2
BRDA:227,28,1,9
BRDA:232,29,0,11
BRDA:232,29,1,7
BRDA:233,30,0,1
BRDA:233,30,1,9
BRDA:236,31,0,2
BRDA:236,31,1,7
BRDA:276,32,0,1
BRDA:276,32,1,1
BRDA:291,33,0,1
BRDA:291,33,1,1
BRDA:295,34,0,2
BRDA:295,34,1,1
BRDA:306,35,0,2
BRDA:306,35,1,3
BRDA:310,36,0,3
BRDA:310,36,1,2
BRDA:314,37,0,1
BRDA:314,37,1,4
BRDA:318,38,0,1
BRDA:318,38,1,3
BRDA:332,39,0,3
BRDA:332,39,1,1
BRDA:336,40,0,1
BRDA:336,40,1,3
BRDA:340,41,0,1
BRDA:340,41,1,3
BRDA:344,42,0,1
BRDA:344,42,1,2
BRDA:359,43,0,1
BRDA:359,43,1,11
BRDA:363,44,0,1
BRDA:363,44,1,11
BRDA:368,45,0,4
BRDA:368,45,1,7
BRDA:372,46,0,3
BRDA:372,46,1,4
BRDA:387,47,0,1
BRDA:387,47,1,2
BRDA:391,48,0,1
BRDA:391,48,1,2
BRDA:395,49,0,1
BRDA:395,49,1,1
BRDA:410,50,0,1
BRDA:410,50,1,1
BRDA:414,51,0,1
BRDA:414,51,1,1
BRDA:439,52,0,1
BRDA:439,52,1,1
BRDA:454,53,0,1
BRDA:454,53,1,1
BRDA:458,54,0,1
BRDA:458,54,1,1
BRDA:472,55,0,1
BRDA:472,55,1,1
BRDA:476,56,0,1
BRDA:476,56,1,1
BRDA:492,57,0,6
BRDA:492,57,1,1
BRDA:492,58,0,7
BRDA:492,58,1,7
BRDA:497,59,0,1
BRDA:497,59,1,6
BRF:118
BRH:118
end_of_record
